Determining if the function sgemm_ exists failed with the following output:
Change Dir: /home/nico/dev_projects/opencv_zed2_aruco/build/CMakeFiles/CMakeScratch/TryCompile-SRdex7

Run Build Command(s):/usr/bin/make -f Makefile cmTC_5e504/fast && /usr/bin/make  -f CMakeFiles/cmTC_5e504.dir/build.make CMakeFiles/cmTC_5e504.dir/build
make[1]: Entering directory '/home/nico/dev_projects/opencv_zed2_aruco/build/CMakeFiles/CMakeScratch/TryCompile-SRdex7'
Building C object CMakeFiles/cmTC_5e504.dir/CheckFunctionExists.c.o
/usr/bin/cc   -DCHECK_FUNCTION_EXISTS=sgemm_ -o CMakeFiles/cmTC_5e504.dir/CheckFunctionExists.c.o -c /home/nico/dev_projects/opencv_zed2_aruco/build/CMakeFiles/CMakeScratch/TryCompile-SRdex7/CheckFunctionExists.c
Linking C executable cmTC_5e504
/usr/bin/cmake -E cmake_link_script CMakeFiles/cmTC_5e504.dir/link.txt --verbose=1
/usr/bin/cc  -DCHECK_FUNCTION_EXISTS=sgemm_ -rdynamic CMakeFiles/cmTC_5e504.dir/CheckFunctionExists.c.o -o cmTC_5e504 
/usr/bin/ld: CMakeFiles/cmTC_5e504.dir/CheckFunctionExists.c.o: in function `main':
CheckFunctionExists.c:(.text+0x14): undefined reference to `sgemm_'
collect2: error: ld returned 1 exit status
make[1]: *** [CMakeFiles/cmTC_5e504.dir/build.make:99: cmTC_5e504] Error 1
make[1]: Leaving directory '/home/nico/dev_projects/opencv_zed2_aruco/build/CMakeFiles/CMakeScratch/TryCompile-SRdex7'
make: *** [Makefile:127: cmTC_5e504/fast] Error 2



Performing C SOURCE FILE Test CMAKE_HAVE_LIBC_PTHREAD failed with the following output:
Change Dir: /home/nico/dev_projects/opencv_zed2_aruco/build/CMakeFiles/CMakeScratch/TryCompile-YtOLP7

Run Build Command(s):/usr/bin/make -f Makefile cmTC_3a427/fast && /usr/bin/make  -f CMakeFiles/cmTC_3a427.dir/build.make CMakeFiles/cmTC_3a427.dir/build
make[1]: Entering directory '/home/nico/dev_projects/opencv_zed2_aruco/build/CMakeFiles/CMakeScratch/TryCompile-YtOLP7'
Building C object CMakeFiles/cmTC_3a427.dir/src.c.o
/usr/bin/cc -DCMAKE_HAVE_LIBC_PTHREAD   -o CMakeFiles/cmTC_3a427.dir/src.c.o -c /home/nico/dev_projects/opencv_zed2_aruco/build/CMakeFiles/CMakeScratch/TryCompile-YtOLP7/src.c
Linking C executable cmTC_3a427
/usr/bin/cmake -E cmake_link_script CMakeFiles/cmTC_3a427.dir/link.txt --verbose=1
/usr/bin/cc -rdynamic CMakeFiles/cmTC_3a427.dir/src.c.o -o cmTC_3a427 
/usr/bin/ld: CMakeFiles/cmTC_3a427.dir/src.c.o: in function `main':
src.c:(.text+0x46): undefined reference to `pthread_create'
/usr/bin/ld: src.c:(.text+0x52): undefined reference to `pthread_detach'
/usr/bin/ld: src.c:(.text+0x5e): undefined reference to `pthread_cancel'
/usr/bin/ld: src.c:(.text+0x6f): undefined reference to `pthread_join'
collect2: error: ld returned 1 exit status
make[1]: *** [CMakeFiles/cmTC_3a427.dir/build.make:99: cmTC_3a427] Error 1
make[1]: Leaving directory '/home/nico/dev_projects/opencv_zed2_aruco/build/CMakeFiles/CMakeScratch/TryCompile-YtOLP7'
make: *** [Makefile:127: cmTC_3a427/fast] Error 2


Source file was:
#include <pthread.h>

static void* test_func(void* data)
{
  return data;
}

int main(void)
{
  pthread_t thread;
  pthread_create(&thread, NULL, test_func, NULL);
  pthread_detach(thread);
  pthread_cancel(thread);
  pthread_join(thread, NULL);
  pthread_atfork(NULL, NULL, NULL);
  pthread_exit(NULL);

  return 0;
}


Determining if the function pthread_create exists in the pthreads failed with the following output:
Change Dir: /home/nico/dev_projects/opencv_zed2_aruco/build/CMakeFiles/CMakeScratch/TryCompile-KjZzK9

Run Build Command(s):/usr/bin/make -f Makefile cmTC_51845/fast && /usr/bin/make  -f CMakeFiles/cmTC_51845.dir/build.make CMakeFiles/cmTC_51845.dir/build
make[1]: Entering directory '/home/nico/dev_projects/opencv_zed2_aruco/build/CMakeFiles/CMakeScratch/TryCompile-KjZzK9'
Building C object CMakeFiles/cmTC_51845.dir/CheckFunctionExists.c.o
/usr/bin/cc   -DCHECK_FUNCTION_EXISTS=pthread_create -o CMakeFiles/cmTC_51845.dir/CheckFunctionExists.c.o -c /home/nico/dev_projects/opencv_zed2_aruco/build/CMakeFiles/CMakeScratch/TryCompile-KjZzK9/CheckFunctionExists.c
Linking C executable cmTC_51845
/usr/bin/cmake -E cmake_link_script CMakeFiles/cmTC_51845.dir/link.txt --verbose=1
/usr/bin/cc  -DCHECK_FUNCTION_EXISTS=pthread_create -rdynamic CMakeFiles/cmTC_51845.dir/CheckFunctionExists.c.o -o cmTC_51845  -lpthreads 
/usr/bin/ld: cannot find -lpthreads
collect2: error: ld returned 1 exit status
make[1]: *** [CMakeFiles/cmTC_51845.dir/build.make:99: cmTC_51845] Error 1
make[1]: Leaving directory '/home/nico/dev_projects/opencv_zed2_aruco/build/CMakeFiles/CMakeScratch/TryCompile-KjZzK9'
make: *** [Makefile:127: cmTC_51845/fast] Error 2



